<?xml version="1.0" encoding="UTF-8"?>
<!-- Generated by org.testng.reporters.JUnitXMLReporter -->
<testsuite hostname="EPBYMINW3499" ignored="0" name="Default test" tests="3" failures="0" timestamp="23 Jun 2017 09:56:55 GMT" time="0.053" errors="0">
  <testcase name="tst_parseToChars" time="0.007" classname="project.pr1.ParserTest"/>
  <testcase name="tst_parseToChars" time="0.003" classname="project.pr1.ParserTest"/>
  <testcase name="tst_parseToChars" time="0.002" classname="project.pr1.ParserTest"/>
</testsuite> <!-- Default test -->
